  *******************************************
  *                                         *
  *        W E L C O M E  to  R O O T       *
  *                                         *
  *   Version   5.34/36      5 April 2016   *
  *                                         *
  *  You are welcome to visit our Web site  *
  *          http://root.cern.ch            *
  *                                         *
  *******************************************

ROOT 5.34/36 (heads/v5-34-00-patches@v5-34-34-76-g57bae4c, Apr 08 2016, 12:05:00 on linuxx8664gcc)

CINT/ROOT C/C++ Interpreter version 5.18.00, July 2, 2010
Type ? for help. Commands must be C++ statements.
Enclose multiple statements between { }.

Processing EMTFpTResolution_v10.C...
-----------------------
248788 events to process.....
=====================================
Loop on all specified events is over!
===============
****Summary****
248788 total events!
---------------
377136 total EMTF tracks!
687486 total RECO tracks!
---------------
197460 total well matched tracks!
---------------
179676 total unwell-matched EMTF tracks!
490026 total unwell-matched RECO tracks!
All EMTF tracks included!
All RECO tracks included!
Create root file and writing plots......
---------------
All plots saved in EMTFpTResolution_274440_443_v10_lxplus.root file!
Saved path: /afs/cern.ch/work/w/wshi/public/EMTFpTResolution/
****************
