  *******************************************
  *                                         *
  *        W E L C O M E  to  R O O T       *
  *                                         *
  *   Version   5.34/36      5 April 2016   *
  *                                         *
  *  You are welcome to visit our Web site  *
  *          http://root.cern.ch            *
  *                                         *
  *******************************************

ROOT 5.34/36 (heads/v5-34-00-patches@v5-34-34-76-g57bae4c, Apr 08 2016, 12:05:00 on linuxx8664gcc)

CINT/ROOT C/C++ Interpreter version 5.18.00, July 2, 2010
Type ? for help. Commands must be C++ statements.
Enclose multiple statements between { }.

Processing TrackBuild_v4.C...
----------------------------------
248788 events to process.....
===============
****Summary****
248788 total events.
148769 selected events.
---------------
377136 total EMTF tracks!
332151 total CSCTF tracks!
687486 total RECO tracks!
186804 total SELECTED tracks!
---------------
Save path:/afs/cern.ch/work/w/wshi/public/EMTFpTResolution/TrackBuild_v4_274440_443_lxplus.root
Save path:~/Documents/EMTFpTResolution/TrackBuild_v4_274440_443_local.root
****************
